<?xml version="1.0" encoding="UTF-8"?>
<!-- Generated by org.testng.reporters.JUnitReportReporter -->
<testsuite hostname="Matthews-MacBook-Pro-2.local" name="Login01IT" tests="1" failures="0" timestamp="24 Apr 2019 11:54:09 GMT" time="11.723" errors="0">
  <testcase name="feature" time="11.723" classname="Login01IT"/>
</testsuite> <!-- Login01IT -->
